<?xml version="1.0" encoding="UTF-8"?>
<!-- Generated by org.testng.reporters.JUnitXMLReporter -->
<testsuite hostname="DESKTOP-0BLHGAK" ignored="0" name="Test" tests="3" failures="0" timestamp="2025-08-08T19:37:10 CEST" time="0.139" errors="0">
  <testcase name="a" time="0.012" classname="seleniumPackage.TestNG1"/>
  <testcase name="testMethod" time="0.0" classname="seleniumPackage.SimpleTest"/>
  <testcase name="testAddition" time="0.007" classname="seleniumPackage.bbb"/>
</testsuite> <!-- Test -->
