<?xml version="1.0" encoding="UTF-8"?>
<testng-results ignored="0" total="2" passed="2" failed="0" skipped="0">
  <reporter-output>
  </reporter-output>
  <suite started-at="2025-09-01T21:42:24 CEST" name="Default suite" finished-at="2025-09-01T21:42:24 CEST" duration-ms="225">
    <groups>
    </groups>
    <test started-at="2025-09-01T21:42:24 CEST" name="Default test" finished-at="2025-09-01T21:42:24 CEST" duration-ms="225">
      <class name="seleniumPackage.TestNG2">
        <test-method is-config="true" signature="d()[pri:0, instance:seleniumPackage.TestNG2@327514f]" started-at="2025-09-01T21:42:24 CEST" name="d" finished-at="2025-09-01T21:42:24 CEST" duration-ms="42" status="PASS">
          <reporter-output>
          </reporter-output>
        </test-method> <!-- d -->
        <test-method is-config="true" signature="a()[pri:0, instance:seleniumPackage.TestNG2@327514f]" started-at="2025-09-01T21:42:24 CEST" name="a" finished-at="2025-09-01T21:42:24 CEST" duration-ms="2" status="PASS">
          <reporter-output>
          </reporter-output>
        </test-method> <!-- a -->
        <test-method signature="b()[pri:0, instance:seleniumPackage.TestNG2@327514f]" started-at="2025-09-01T21:42:24 CEST" name="b" finished-at="2025-09-01T21:42:24 CEST" duration-ms="31" status="PASS">
          <reporter-output>
          </reporter-output>
        </test-method> <!-- b -->
        <test-method signature="c()[pri:0, instance:seleniumPackage.TestNG2@327514f]" started-at="2025-09-01T21:42:24 CEST" name="c" finished-at="2025-09-01T21:42:24 CEST" duration-ms="17" status="PASS">
          <reporter-output>
          </reporter-output>
        </test-method> <!-- c -->
      </class> <!-- seleniumPackage.TestNG2 -->
    </test> <!-- Default test -->
  </suite> <!-- Default suite -->
</testng-results>
